<?xml version="1.0" encoding="UTF-8"?>
<!-- Generated by org.testng.reporters.JUnitReportReporter -->
<testsuite hostname="DESKTOP-9SCBVFG" failures="0" tests="2" name="testcases.SLoginTest" time="5.285" errors="0" timestamp="14 Aug 2023 20:33:28 GMT" skipped="0">
  <testcase classname="testcases.SLoginTest" name="InValidLogin" time="2.790"/>
  <testcase classname="testcases.SLoginTest" name="ValidLogin" time="2.495"/>
</testsuite> <!-- testcases.SLoginTest -->
