<?xml version="1.0" encoding="UTF-8"?>
<!-- Generated by org.testng.reporters.JUnitReportReporter -->
<testsuite skipped="0" hostname="DESKTOP-9SCBVFG" name="testcases.SLoginTest" tests="2" failures="0" timestamp="14 Aug 2023 20:49:56 GMT" time="7.963" errors="0">
  <testcase name="ValidLogin" time="3.348" classname="testcases.SLoginTest"/>
  <testcase name="InValidLogin" time="4.615" classname="testcases.SLoginTest"/>
</testsuite> <!-- testcases.SLoginTest -->
